0 info it worked if it ends with ok
1 verbose cli [ 'C:\\Program Files\\nodejs\\node.exe',
1 verbose cli   'C:\\Program Files\\nodejs\\node_modules\\npm\\bin\\npm-cli.js',
1 verbose cli   'install' ]
2 info using npm@3.10.10
3 info using node@v6.10.1
4 silly loadCurrentTree Starting
5 silly install loadCurrentTree
6 silly install readLocalPackageData
7 silly install normalizeTree
8 silly loadCurrentTree Finishing
9 silly loadIdealTree Starting
10 silly install loadIdealTree
11 silly cloneCurrentTree Starting
12 silly install cloneCurrentTreeToIdealTree
13 silly cloneCurrentTree Finishing
14 silly loadShrinkwrap Starting
15 silly install loadShrinkwrap
16 silly loadShrinkwrap Finishing
17 silly loadAllDepsIntoIdealTree Starting
18 silly install loadAllDepsIntoIdealTree
19 silly loadAllDepsIntoIdealTree Finishing
20 silly loadIdealTree Finishing
21 silly currentTree kurento-one2one-call@6.6.1
21 silly currentTree +-- accepts@1.2.13
21 silly currentTree +-- asap@2.0.6
21 silly currentTree +-- async@1.2.1
21 silly currentTree +-- backoff@2.3.0
21 silly currentTree +-- bower@1.8.2
21 silly currentTree +-- commander@2.1.0
21 silly currentTree +-- content-disposition@0.5.0
21 silly currentTree +-- content-type@1.0.4
21 silly currentTree +-- cookie-signature@1.0.6
21 silly currentTree +-- cookie@0.1.2
21 silly currentTree +-- crc@3.2.1
21 silly currentTree +-- debug@2.2.0
21 silly currentTree +-- depd@1.0.1
21 silly currentTree +-- destroy@1.0.3
21 silly currentTree +-- ee-first@1.1.0
21 silly currentTree +-- error-tojson@0.0.1
21 silly currentTree +-- es6-promise@3.3.1
21 silly currentTree +-- escape-html@1.0.1
21 silly currentTree +-- etag@1.6.0
21 silly currentTree +-- eventsource@0.1.6
21 silly currentTree +-- express@4.12.4
21 silly currentTree +-- extend@2.0.1
21 silly currentTree +-- faye-websocket@0.11.1
21 silly currentTree +-- finalhandler@0.3.6
21 silly currentTree +-- forwarded@0.1.2
21 silly currentTree +-- fresh@0.2.4
21 silly currentTree +-- http-parser-js@0.4.9
21 silly currentTree +-- inherits@2.0.3
21 silly currentTree +-- ipaddr.js@1.0.5
21 silly currentTree +-- isbuffer@0.0.0
21 silly currentTree +-- json3@3.3.2
21 silly currentTree +-- kurento-client-core@6.6.0
21 silly currentTree +-- kurento-client-elements@6.6.0
21 silly currentTree +-- kurento-client-filters@6.6.0
21 silly currentTree +-- kurento-client@6.6.0
21 silly currentTree +-- kurento-jsonrpc@5.1.3
21 silly currentTree | `-- ws@0.4.32
21 silly currentTree +-- media-typer@0.3.0
21 silly currentTree +-- merge-descriptors@1.0.0
21 silly currentTree +-- methods@1.1.2
21 silly currentTree +-- mime-db@1.30.0
21 silly currentTree +-- mime-types@2.1.17
21 silly currentTree +-- mime@1.3.4
21 silly currentTree +-- minimist@1.2.0
21 silly currentTree +-- ms@0.7.1
21 silly currentTree +-- nan@1.0.0
21 silly currentTree +-- negotiator@0.5.3
21 silly currentTree +-- on-finished@2.2.1
21 silly currentTree +-- options@0.0.6
21 silly currentTree +-- original@1.0.0
21 silly currentTree | `-- url-parse@1.0.5
21 silly currentTree +-- parseurl@1.3.2
21 silly currentTree +-- path-to-regexp@0.1.3
21 silly currentTree +-- promise@7.0.2
21 silly currentTree +-- promisecallback@0.0.4
21 silly currentTree +-- proxy-addr@1.0.10
21 silly currentTree +-- qs@2.4.2
21 silly currentTree +-- querystringify@0.0.4
21 silly currentTree +-- range-parser@1.0.3
21 silly currentTree +-- reconnect-core@1.0.0
21 silly currentTree +-- reconnect-ws@0.0.0
21 silly currentTree +-- requires-port@1.0.0
21 silly currentTree +-- send@0.12.3
21 silly currentTree +-- serve-static@1.9.3
21 silly currentTree +-- sockjs-client@1.1.1
21 silly currentTree +-- through@2.3.8
21 silly currentTree +-- tinycolor@0.0.1
21 silly currentTree +-- type-is@1.6.15
21 silly currentTree +-- ultron@1.0.2
21 silly currentTree +-- url-parse@1.1.9
21 silly currentTree | `-- querystringify@1.0.0
21 silly currentTree +-- utils-merge@1.0.0
21 silly currentTree +-- vary@1.0.1
21 silly currentTree +-- websocket-driver@0.7.0
21 silly currentTree +-- websocket-extensions@0.1.2
21 silly currentTree +-- websocket-stream@0.5.1
21 silly currentTree | `-- ws@0.4.32
21 silly currentTree `-- ws@1.0.1
22 silly idealTree kurento-one2one-call@6.6.1
22 silly idealTree +-- accepts@1.2.13
22 silly idealTree +-- asap@2.0.6
22 silly idealTree +-- async@1.2.1
22 silly idealTree +-- backoff@2.3.0
22 silly idealTree +-- bower@1.8.2
22 silly idealTree +-- commander@2.1.0
22 silly idealTree +-- content-disposition@0.5.0
22 silly idealTree +-- content-type@1.0.4
22 silly idealTree +-- cookie-signature@1.0.6
22 silly idealTree +-- cookie@0.1.2
22 silly idealTree +-- crc@3.2.1
22 silly idealTree +-- debug@2.2.0
22 silly idealTree +-- depd@1.0.1
22 silly idealTree +-- destroy@1.0.3
22 silly idealTree +-- ee-first@1.1.0
22 silly idealTree +-- error-tojson@0.0.1
22 silly idealTree +-- es6-promise@3.3.1
22 silly idealTree +-- escape-html@1.0.1
22 silly idealTree +-- etag@1.6.0
22 silly idealTree +-- eventsource@0.1.6
22 silly idealTree +-- express@4.12.4
22 silly idealTree +-- extend@2.0.1
22 silly idealTree +-- faye-websocket@0.11.1
22 silly idealTree +-- finalhandler@0.3.6
22 silly idealTree +-- forwarded@0.1.2
22 silly idealTree +-- fresh@0.2.4
22 silly idealTree +-- http-parser-js@0.4.9
22 silly idealTree +-- inherits@2.0.3
22 silly idealTree +-- ipaddr.js@1.0.5
22 silly idealTree +-- isbuffer@0.0.0
22 silly idealTree +-- json3@3.3.2
22 silly idealTree +-- kurento-client-core@6.6.0
22 silly idealTree +-- kurento-client-elements@6.6.0
22 silly idealTree +-- kurento-client-filters@6.6.0
22 silly idealTree +-- kurento-client@6.6.0
22 silly idealTree +-- kurento-jsonrpc@5.1.3
22 silly idealTree | `-- ws@0.4.32
22 silly idealTree +-- media-typer@0.3.0
22 silly idealTree +-- merge-descriptors@1.0.0
22 silly idealTree +-- methods@1.1.2
22 silly idealTree +-- mime-db@1.30.0
22 silly idealTree +-- mime-types@2.1.17
22 silly idealTree +-- mime@1.3.4
22 silly idealTree +-- minimist@1.2.0
22 silly idealTree +-- ms@0.7.1
22 silly idealTree +-- nan@1.0.0
22 silly idealTree +-- negotiator@0.5.3
22 silly idealTree +-- on-finished@2.2.1
22 silly idealTree +-- options@0.0.6
22 silly idealTree +-- original@1.0.0
22 silly idealTree | `-- url-parse@1.0.5
22 silly idealTree +-- parseurl@1.3.2
22 silly idealTree +-- path-to-regexp@0.1.3
22 silly idealTree +-- promise@7.0.2
22 silly idealTree +-- promisecallback@0.0.4
22 silly idealTree +-- proxy-addr@1.0.10
22 silly idealTree +-- qs@2.4.2
22 silly idealTree +-- querystringify@0.0.4
22 silly idealTree +-- range-parser@1.0.3
22 silly idealTree +-- reconnect-core@1.0.0
22 silly idealTree +-- reconnect-ws@0.0.0
22 silly idealTree +-- requires-port@1.0.0
22 silly idealTree +-- send@0.12.3
22 silly idealTree +-- serve-static@1.9.3
22 silly idealTree +-- sockjs-client@1.1.1
22 silly idealTree +-- through@2.3.8
22 silly idealTree +-- tinycolor@0.0.1
22 silly idealTree +-- type-is@1.6.15
22 silly idealTree +-- ultron@1.0.2
22 silly idealTree +-- url-parse@1.1.9
22 silly idealTree | `-- querystringify@1.0.0
22 silly idealTree +-- utils-merge@1.0.0
22 silly idealTree +-- vary@1.0.1
22 silly idealTree +-- websocket-driver@0.7.0
22 silly idealTree +-- websocket-extensions@0.1.2
22 silly idealTree +-- websocket-stream@0.5.1
22 silly idealTree | `-- ws@0.4.32
22 silly idealTree `-- ws@1.0.1
23 silly generateActionsToTake Starting
24 silly install generateActionsToTake
25 silly generateActionsToTake Finishing
26 silly diffTrees action count 0
27 silly decomposeActions action count 0
28 silly runTopLevelLifecycles Starting
29 silly install runPreinstallTopLevelLifecycles
30 silly preinstall kurento-one2one-call@6.6.1 C:\athulya\kurento-tutorial-node\kurento-one2one-call\kiosk-test-app\kurento-one2one-call-9840d91c
31 info lifecycle kurento-one2one-call@6.6.1~preinstall: kurento-one2one-call@6.6.1
32 silly lifecycle kurento-one2one-call@6.6.1~preinstall: no script for preinstall, continuing
33 silly executeActions Starting
34 silly install executeActions
35 silly doSerial global-install 0
36 silly doParallel fetch 0
37 verbose correctMkdir C:\Users\Athulya\AppData\Roaming\npm-cache\_locks correctMkdir not in flight; initializing
38 verbose lock using C:\Users\Athulya\AppData\Roaming\npm-cache\_locks\staging-e36183aef0495b8f.lock for C:\athulya\kurento-tutorial-node\kurento-one2one-call\kiosk-test-app\node_modules\.staging
39 silly doParallel extract 0
40 silly doParallel preinstall 0
41 silly doReverseSerial remove 0
42 silly doSerial move 0
43 silly doSerial finalize 0
44 silly doSerial build 0
45 silly doSerial global-link 0
46 silly doParallel update-linked 0
47 silly doSerial install 0
48 silly doSerial postinstall 0
49 verbose unlock done using C:\Users\Athulya\AppData\Roaming\npm-cache\_locks\staging-e36183aef0495b8f.lock for C:\athulya\kurento-tutorial-node\kurento-one2one-call\kiosk-test-app\node_modules\.staging
50 silly executeActions Finishing
51 silly rollbackFailedOptional Starting
52 silly rollbackFailedOptional Finishing
53 silly install runPostinstallTopLevelLifecycles
54 silly build kurento-one2one-call@6.6.1
55 info linkStuff kurento-one2one-call@6.6.1
56 silly linkStuff kurento-one2one-call@6.6.1 has C:\athulya\kurento-tutorial-node\kurento-one2one-call as its parent node_modules
57 verbose linkBins kurento-one2one-call@6.6.1
58 verbose linkMans kurento-one2one-call@6.6.1
59 silly install kurento-one2one-call@6.6.1 C:\athulya\kurento-tutorial-node\kurento-one2one-call\kiosk-test-app\kurento-one2one-call-9840d91c
60 info lifecycle kurento-one2one-call@6.6.1~install: kurento-one2one-call@6.6.1
61 silly lifecycle kurento-one2one-call@6.6.1~install: no script for install, continuing
62 silly postinstall kurento-one2one-call@6.6.1 C:\athulya\kurento-tutorial-node\kurento-one2one-call\kiosk-test-app\kurento-one2one-call-9840d91c
63 info lifecycle kurento-one2one-call@6.6.1~postinstall: kurento-one2one-call@6.6.1
64 verbose lifecycle kurento-one2one-call@6.6.1~postinstall: unsafe-perm in lifecycle true
65 verbose lifecycle kurento-one2one-call@6.6.1~postinstall: PATH: C:\Program Files\nodejs\node_modules\npm\bin\node-gyp-bin;C:\athulya\kurento-tutorial-node\kurento-one2one-call\kiosk-test-app\node_modules\.bin;C:\ProgramData\Oracle\Java\javapath;C:\WINDOWS\system32;C:\WINDOWS;C:\WINDOWS\System32\Wbem;C:\WINDOWS\System32\WindowsPowerShell\v1.0\;C:\wamp\bin\php\php5.4.3;C:\ProgramData\ComposerSetup\bin;C:\xampp\php;C:\Program Files (x86)\Skype\Phone\;C:\Program Files\nodejs\;C:\Python27;C:\Python27\Scripts;C:\Program Files\Git\cmd;C:\Users\Athulya\AppData\Local\Microsoft\WindowsApps;C:\Users\Athulya\AppData\Roaming\npm;C:\Program Files (x86)\Microsoft VS Code\bin;C:\Python27;C:\Python27\Scripts;C:\Program Files (x86)\Heroku\bin;
66 verbose lifecycle kurento-one2one-call@6.6.1~postinstall: CWD: C:\athulya\kurento-tutorial-node\kurento-one2one-call\kiosk-test-app
67 silly lifecycle kurento-one2one-call@6.6.1~postinstall: Args: [ '/d /s /c', 'node_modules/bower/bin/bower install' ]
68 silly lifecycle kurento-one2one-call@6.6.1~postinstall: Returned: code: 1  signal: null
69 info lifecycle kurento-one2one-call@6.6.1~postinstall: Failed to exec postinstall script
70 verbose stack Error: kurento-one2one-call@6.6.1 postinstall: `node_modules/bower/bin/bower install`
70 verbose stack Exit status 1
70 verbose stack     at EventEmitter.<anonymous> (C:\Program Files\nodejs\node_modules\npm\lib\utils\lifecycle.js:255:16)
70 verbose stack     at emitTwo (events.js:106:13)
70 verbose stack     at EventEmitter.emit (events.js:191:7)
70 verbose stack     at ChildProcess.<anonymous> (C:\Program Files\nodejs\node_modules\npm\lib\utils\spawn.js:40:14)
70 verbose stack     at emitTwo (events.js:106:13)
70 verbose stack     at ChildProcess.emit (events.js:191:7)
70 verbose stack     at maybeClose (internal/child_process.js:886:16)
70 verbose stack     at Process.ChildProcess._handle.onexit (internal/child_process.js:226:5)
71 verbose pkgid kurento-one2one-call@6.6.1
72 verbose cwd C:\athulya\kurento-tutorial-node\kurento-one2one-call\kiosk-test-app
73 error Windows_NT 10.0.15063
74 error argv "C:\\Program Files\\nodejs\\node.exe" "C:\\Program Files\\nodejs\\node_modules\\npm\\bin\\npm-cli.js" "install"
75 error node v6.10.1
76 error npm  v3.10.10
77 error code ELIFECYCLE
78 error kurento-one2one-call@6.6.1 postinstall: `node_modules/bower/bin/bower install`
78 error Exit status 1
79 error Failed at the kurento-one2one-call@6.6.1 postinstall script 'node_modules/bower/bin/bower install'.
79 error Make sure you have the latest version of node.js and npm installed.
79 error If you do, this is most likely a problem with the kurento-one2one-call package,
79 error not with npm itself.
79 error Tell the author that this fails on your system:
79 error     node_modules/bower/bin/bower install
79 error You can get information on how to open an issue for this project with:
79 error     npm bugs kurento-one2one-call
79 error Or if that isn't available, you can get their info via:
79 error     npm owner ls kurento-one2one-call
79 error There is likely additional logging output above.
80 verbose exit [ 1, true ]
